<?xml version="1.0" encoding="UTF-8"?>
<!-- Generated by org.testng.reporters.JUnitXMLReporter -->
<testsuite ignored="0" hostname="DESKTOP-THNLHBK" failures="0" tests="2" name="Test" time="155.689" errors="0" timestamp="2022-12-08T12:06:40 IST">
  <testcase classname="com.qa.dockerConcept.FirstClass" name="@AfterTest stop" time="5.017">
    <failure type="java.io.FileNotFoundException" message="output2.txt (The system cannot find the file specified)">
      <![CDATA[java.io.FileNotFoundException: output2.txt (The system cannot find the file specified)
at java.base/java.io.FileInputStream.open0(Native Method)
at java.base/java.io.FileInputStream.open(FileInputStream.java:216)
at java.base/java.io.FileInputStream.<init>(FileInputStream.java:157)
at java.base/java.io.FileInputStream.<init>(FileInputStream.java:111)
at java.base/java.io.FileReader.<init>(FileReader.java:60)
at com.qa.dockerConcept.StartDocker.stopDocker(StartDocker.java:69)
at com.qa.dockerConcept.FirstClass.stop(FirstClass.java:45)
... Removed 28 stack frames]]>
    </failure>
  </testcase> <!-- @AfterTest stop -->
  <testcase classname="com.qa.dockerConcept.FirstClass" name="method2" time="138.737"/>
  <testcase classname="com.qa.dockerConcept.FirstClass2" name="method1" time="139.752"/>
</testsuite> <!-- Test -->
