<?xml version="1.0" encoding="UTF-8"?>
<testng-results ignored="0" total="2" passed="2" failed="0" skipped="0">
  <reporter-output>
  </reporter-output>
  <suite started-at="2022-12-08T12:04:00 IST" name="Suite" finished-at="2022-12-08T12:06:35 IST" duration-ms="155689">
    <groups>
    </groups>
    <test started-at="2022-12-08T12:04:00 IST" name="Test" finished-at="2022-12-08T12:06:35 IST" duration-ms="155689">
      <class name="com.qa.dockerConcept.FirstClass">
        <test-method is-config="true" signature="start()[pri:0, instance:com.qa.dockerConcept.FirstClass@61862a7f]" started-at="2022-12-08T12:04:00 IST" name="start" finished-at="2022-12-08T12:04:10 IST" duration-ms="10343" status="PASS">
          <reporter-output>
          </reporter-output>
        </test-method> <!-- start -->
        <test-method signature="method2()[pri:0, instance:com.qa.dockerConcept.FirstClass@61862a7f]" started-at="2022-12-08T12:04:10 IST" name="method2" finished-at="2022-12-08T12:06:29 IST" duration-ms="138737" status="PASS">
          <reporter-output>
          </reporter-output>
        </test-method> <!-- method2 -->
        <test-method is-config="true" signature="stop()[pri:0, instance:com.qa.dockerConcept.FirstClass@61862a7f]" started-at="2022-12-08T12:06:30 IST" name="stop" finished-at="2022-12-08T12:06:35 IST" duration-ms="5017" status="FAIL">
          <exception class="java.io.FileNotFoundException">
            <message>
              <![CDATA[output2.txt (The system cannot find the file specified)]]>
            </message>
            <full-stacktrace>
              <![CDATA[java.io.FileNotFoundException: output2.txt (The system cannot find the file specified)
at java.base/java.io.FileInputStream.open0(Native Method)
at java.base/java.io.FileInputStream.open(FileInputStream.java:216)
at java.base/java.io.FileInputStream.<init>(FileInputStream.java:157)
at java.base/java.io.FileInputStream.<init>(FileInputStream.java:111)
at java.base/java.io.FileReader.<init>(FileReader.java:60)
at com.qa.dockerConcept.StartDocker.stopDocker(StartDocker.java:69)
at com.qa.dockerConcept.FirstClass.stop(FirstClass.java:45)
at java.base/jdk.internal.reflect.NativeMethodAccessorImpl.invoke0(Native Method)
at java.base/jdk.internal.reflect.NativeMethodAccessorImpl.invoke(NativeMethodAccessorImpl.java:77)
at java.base/jdk.internal.reflect.DelegatingMethodAccessorImpl.invoke(DelegatingMethodAccessorImpl.java:43)
at java.base/java.lang.reflect.Method.invoke(Method.java:568)
at org.testng.internal.invokers.MethodInvocationHelper.invokeMethod(MethodInvocationHelper.java:139)
at org.testng.internal.invokers.MethodInvocationHelper.invokeMethodConsideringTimeout(MethodInvocationHelper.java:69)
at org.testng.internal.invokers.ConfigInvoker.invokeConfigurationMethod(ConfigInvoker.java:361)
at org.testng.internal.invokers.ConfigInvoker.invokeConfigurations(ConfigInvoker.java:296)
at org.testng.TestRunner.invokeTestConfigurations(TestRunner.java:643)
at org.testng.TestRunner.afterRun(TestRunner.java:891)
at org.testng.TestRunner.run(TestRunner.java:604)
at org.testng.SuiteRunner.runTest(SuiteRunner.java:433)
at org.testng.SuiteRunner.runSequentially(SuiteRunner.java:427)
at org.testng.SuiteRunner.privateRun(SuiteRunner.java:387)
at org.testng.SuiteRunner.run(SuiteRunner.java:330)
at org.testng.SuiteRunnerWorker.runSuite(SuiteRunnerWorker.java:52)
at org.testng.SuiteRunnerWorker.run(SuiteRunnerWorker.java:95)
at org.testng.TestNG.runSuitesSequentially(TestNG.java:1256)
at org.testng.TestNG.runSuitesLocally(TestNG.java:1176)
at org.testng.TestNG.runSuites(TestNG.java:1099)
at org.testng.TestNG.run(TestNG.java:1067)
at org.apache.maven.surefire.testng.TestNGExecutor.run(TestNGExecutor.java:324)
at org.apache.maven.surefire.testng.TestNGXmlTestSuite.execute(TestNGXmlTestSuite.java:74)
at org.apache.maven.surefire.testng.TestNGProvider.invoke(TestNGProvider.java:123)
at org.apache.maven.surefire.booter.ForkedBooter.runSuitesInProcess(ForkedBooter.java:456)
at org.apache.maven.surefire.booter.ForkedBooter.execute(ForkedBooter.java:169)
at org.apache.maven.surefire.booter.ForkedBooter.run(ForkedBooter.java:595)
at org.apache.maven.surefire.booter.ForkedBooter.main(ForkedBooter.java:581)
]]>
            </full-stacktrace>
          </exception> <!-- java.io.FileNotFoundException -->
          <reporter-output>
          </reporter-output>
        </test-method> <!-- stop -->
      </class> <!-- com.qa.dockerConcept.FirstClass -->
      <class name="com.qa.dockerConcept.FirstClass2">
        <test-method signature="method1()[pri:0, instance:com.qa.dockerConcept.FirstClass2@62150f9e]" started-at="2022-12-08T12:04:10 IST" name="method1" finished-at="2022-12-08T12:06:30 IST" duration-ms="139752" status="PASS">
          <reporter-output>
          </reporter-output>
        </test-method> <!-- method1 -->
      </class> <!-- com.qa.dockerConcept.FirstClass2 -->
    </test> <!-- Test -->
  </suite> <!-- Suite -->
</testng-results>
