<?xml version="1.0" encoding="UTF-8"?>
<testng-results ignored="0" total="2" passed="2" failed="0" skipped="0">
  <reporter-output>
  </reporter-output>
  <suite started-at="2022-12-07T15:45:55 IST" name="Default suite" finished-at="2022-12-07T15:46:18 IST" duration-ms="23161">
    <groups>
    </groups>
    <test started-at="2022-12-07T15:45:55 IST" name="Default test" finished-at="2022-12-07T15:46:18 IST" duration-ms="23161">
      <class name="com.qa.dockerConcept.StartDocker">
        <test-method signature="start()[pri:0, instance:com.qa.dockerConcept.StartDocker@5158b42f]" started-at="2022-12-07T15:45:55 IST" name="start" finished-at="2022-12-07T15:46:00 IST" duration-ms="5636" status="PASS">
          <reporter-output>
          </reporter-output>
        </test-method> <!-- start -->
        <test-method signature="stopDocker()[pri:0, instance:com.qa.dockerConcept.StartDocker@5158b42f]" started-at="2022-12-07T15:46:00 IST" name="stopDocker" finished-at="2022-12-07T15:46:18 IST" duration-ms="17440" status="PASS">
          <reporter-output>
          </reporter-output>
        </test-method> <!-- stopDocker -->
      </class> <!-- com.qa.dockerConcept.StartDocker -->
    </test> <!-- Default test -->
  </suite> <!-- Default suite -->
</testng-results>
